<?xml version="1.0" encoding="UTF-8"?>
<!-- Generated by org.testng.reporters.JUnitXMLReporter -->
<testsuite ignored="0" hostname="YNSSS" failures="0" tests="2" name="ErrorValidation" time="14.635" errors="0" timestamp="2026-07-24T09:12:34 IST">
  <testcase classname="ProjectMaven.SeleniumWebDriverDesign.Test.GoingWithTestNGFrameWork" name="submitAOrder" time="9.514"/>
  <testcase classname="ProjectMaven.SeleniumWebDriverDesign.Test.GoingWithTestNGFrameWork" name="OrdersHistory" time="0.566"/>
</testsuite> <!-- ErrorValidation -->
