<?xml version="1.0" encoding="UTF-8"?>
<!-- Generated by org.testng.reporters.JUnitXMLReporter -->
<testsuite ignored="0" hostname="YNSSS" failures="1" tests="2" name="GoingWithTestNG" time="8.252" errors="0" timestamp="2026-07-24T09:12:29 IST">
  <testcase classname="ProjectMaven.SeleniumWebDriverDesign.Test.ErrorValidation" name="submitOrder" time="1.203">
    <skipped/>
  </testcase> <!-- submitOrder -->
  <testcase classname="ProjectMaven.SeleniumWebDriverDesign.Test.ErrorValidation" name="submitOrder" time="0.924">
    <failure type="java.lang.AssertionError" message="expected [Incorrect email or password.] but found [Incorrect email password.]">
      <![CDATA[java.lang.AssertionError: expected [Incorrect email or password.] but found [Incorrect email password.]
at ProjectMaven.SeleniumWebDriverDesign.Test.ErrorValidation.submitOrder(ErrorValidation.java:18)
at java.base/java.util.ArrayList.forEach(ArrayList.java:1604)
at java.base/java.util.concurrent.FutureTask.run(FutureTask.java:328)
at java.base/java.util.concurrent.ThreadPoolExecutor.runWorker(ThreadPoolExecutor.java:1090)
at java.base/java.util.concurrent.ThreadPoolExecutor$Worker.run(ThreadPoolExecutor.java:614)
at java.base/java.lang.Thread.run(Thread.java:1474)
... Removed 21 stack frames]]>
    </failure>
  </testcase> <!-- submitOrder -->
</testsuite> <!-- GoingWithTestNG -->
