<?xml version="1.0" encoding="UTF-8"?>
<!-- Generated by org.testng.reporters.JUnitXMLReporter -->
<testsuite ignored="0" hostname="YNSSS" failures="0" tests="2" name="GoingWithTestNG" time="19.335" errors="0" timestamp="2026-07-26T15:50:01 IST">
  <testcase classname="ProjectMaven.SeleniumWebDriverDesign.Test.GoingWithTestNGFrameWork" name="submitAOrder" time="9.476"/>
  <testcase classname="ProjectMaven.SeleniumWebDriverDesign.Test.GoingWithTestNGFrameWork" name="OrdersHistory" time="0.836"/>
</testsuite> <!-- GoingWithTestNG -->
