<?xml version="1.0" encoding="UTF-8"?>
<!-- Generated by org.testng.reporters.JUnitXMLReporter -->
<testsuite ignored="1" hostname="YNSSS" failures="1" tests="1" name="GoingWithTestNG(failed)" time="0.043" errors="0" timestamp="2026-07-22T22:38:02 IST">
  <testcase classname="ProjectMaven.SeleniumWebDriverDesign.Test.GoingWithTestNGFrameWork" name="submitAOrder" time="0.0">
    <failure type="java.lang.RuntimeException" message="java.nio.file.InvalidPathException: Illegal char &amp;lt;&amp;quot;&amp;gt; at index 131: C:\Users\naras\eclipse-workspace\SeleniumWebDriverDesign\src\test\java\ProjectMaven\SeleniumWebDriverDesign\Data\ParchaseOrder.json&amp;quot;">
      <![CDATA[java.lang.RuntimeException: java.nio.file.InvalidPathException: Illegal char <"> at index 131: C:\Users\naras\eclipse-workspace\SeleniumWebDriverDesign\src\test\java\ProjectMaven\SeleniumWebDriverDesign\Data\ParchaseOrder.json"
at java.base/java.util.ArrayList.forEach(ArrayList.java:1604)
at java.base/java.util.concurrent.FutureTask.run(FutureTask.java:328)
at java.base/java.util.concurrent.ThreadPoolExecutor.runWorker(ThreadPoolExecutor.java:1090)
at java.base/java.util.concurrent.ThreadPoolExecutor$Worker.run(ThreadPoolExecutor.java:614)
at java.base/java.lang.Thread.run(Thread.java:1474)
Caused by: java.nio.file.InvalidPathException: Illegal char <"> at index 131: C:\Users\naras\eclipse-workspace\SeleniumWebDriverDesign\src\test\java\ProjectMaven\SeleniumWebDriverDesign\Data\ParchaseOrder.json"
at java.base/sun.nio.fs.WindowsPathParser.normalize(WindowsPathParser.java:191)
at java.base/sun.nio.fs.WindowsPathParser.parse(WindowsPathParser.java:142)
at java.base/sun.nio.fs.WindowsPathParser.parse(WindowsPathParser.java:46)
at java.base/sun.nio.fs.WindowsPath.parse(WindowsPath.java:92)
at java.base/sun.nio.fs.WindowsFileSystem.getPath(WindowsFileSystem.java:203)
at java.base/java.io.File.toPath(File.java:2099)
at org.apache.commons.io.FileUtils.lambda$readFileToString$12(FileUtils.java:2616)
at org.apache.commons.io.IOUtils.toString(IOUtils.java:3177)
at org.apache.commons.io.IOUtils.toString(IOUtils.java:3152)
at org.apache.commons.io.FileUtils.readFileToString(FileUtils.java:2616)
at ProjectMaven.SeleniumWebDriverDesign.Test.TestComponent.BaseTest.getJsonDataToMap(BaseTest.java:61)
at ProjectMaven.SeleniumWebDriverDesign.Test.GoingWithTestNGFrameWork.getData(GoingWithTestNGFrameWork.java:68)
... 19 more
... Removed 20 stack frames]]>
    </failure>
  </testcase> <!-- submitAOrder -->
  <testcase classname="ProjectMaven.SeleniumWebDriverDesign.Test.GoingWithTestNGFrameWork" name="OrdersHistory" time="0.0">
    <ignored/>
  </testcase> <!-- OrdersHistory -->
</testsuite> <!-- GoingWithTestNG(failed) -->
