<?xml version="1.0" encoding="UTF-8"?>
<!-- Generated by org.testng.reporters.JUnitReportReporter -->
<testsuite hostname="YNSSS" failures="0" tests="2" name="ProjectMaven.SeleniumWebDriverDesign.Test.GoingWithTestNGFrameWork" time="14.477" errors="0" timestamp="2026-07-24T09:12:34 IST" skipped="0">
  <testcase classname="ProjectMaven.SeleniumWebDriverDesign.Test.GoingWithTestNGFrameWork" name="submitAOrder" time="11.752"/>
  <testcase classname="ProjectMaven.SeleniumWebDriverDesign.Test.GoingWithTestNGFrameWork" name="OrdersHistory" time="2.725"/>
</testsuite> <!-- ProjectMaven.SeleniumWebDriverDesign.Test.GoingWithTestNGFrameWork -->
