<?xml version="1.0" encoding="UTF-8"?>
<!-- Generated by org.testng.reporters.JUnitReportReporter -->
<testsuite hostname="YNSSS" failures="0" tests="2" name="ProjectMaven.SeleniumWebDriverDesign.Test.GoingWithTestNGFrameWork" time="18.964" errors="0" timestamp="2026-07-26T15:50:01 IST" skipped="0">
  <testcase classname="ProjectMaven.SeleniumWebDriverDesign.Test.GoingWithTestNGFrameWork" name="submitAOrder" time="14.308"/>
  <testcase classname="ProjectMaven.SeleniumWebDriverDesign.Test.GoingWithTestNGFrameWork" name="OrdersHistory" time="4.656"/>
</testsuite> <!-- ProjectMaven.SeleniumWebDriverDesign.Test.GoingWithTestNGFrameWork -->
